This is pdfTeX, Version 3.14159265-2.6-1.40.16 (TeX Live 2015/Debian) (preloaded format=latex 2016.10.10)  10 OCT 2016 19:12
entering extended mode
 restricted \write18 enabled.
 %&-line parsing enabled.
**stat.latex
(./stat.latex
LaTeX2e <2016/02/01>
Babel <3.9q> and hyphenation patterns for 3 language(s) loaded.
(/usr/share/texlive/texmf-dist/tex/latex/base/article.cls
Document Class: article 2014/09/29 v1.4h Standard LaTeX document class
(/usr/share/texlive/texmf-dist/tex/latex/base/size10.clo
File: size10.clo 2014/09/29 v1.4h Standard LaTeX file (size option)
)
\c@part=\count79
\c@section=\count80
\c@subsection=\count81
\c@subsubsection=\count82
\c@paragraph=\count83
\c@subparagraph=\count84
\c@figure=\count85
\c@table=\count86
\abovecaptionskip=\skip41
\belowcaptionskip=\skip42
\bibindent=\dimen102
)

LaTeX Warning: Unused global option(s):
    [14.4pt].

(./stat.aux)
\openout1 = `stat.aux'.

LaTeX Font Info:    Checking defaults for OML/cmm/m/it on input line 7.
LaTeX Font Info:    ... okay on input line 7.
LaTeX Font Info:    Checking defaults for T1/cmr/m/n on input line 7.
LaTeX Font Info:    ... okay on input line 7.
LaTeX Font Info:    Checking defaults for OT1/cmr/m/n on input line 7.
LaTeX Font Info:    ... okay on input line 7.
LaTeX Font Info:    Checking defaults for OMS/cmsy/m/n on input line 7.
LaTeX Font Info:    ... okay on input line 7.
LaTeX Font Info:    Checking defaults for OMX/cmex/m/n on input line 7.
LaTeX Font Info:    ... okay on input line 7.
LaTeX Font Info:    Checking defaults for U/cmr/m/n on input line 7.
LaTeX Font Info:    ... okay on input line 7.
LaTeX Font Info:    External font `cmex10' loaded for size
(Font)              <12> on input line 9.
LaTeX Font Info:    External font `cmex10' loaded for size
(Font)              <8> on input line 9.
LaTeX Font Info:    External font `cmex10' loaded for size
(Font)              <6> on input line 9.
LaTeX Font Info:    External font `cmex10' loaded for size
(Font)              <14.4> on input line 24.
LaTeX Font Info:    External font `cmex10' loaded for size
(Font)              <7> on input line 24.
LaTeX Font Info:    External font `cmex10' loaded for size
(Font)              <5> on input line 28.
LaTeX Font Info:    External font `cmex10' loaded for size
(Font)              <17.28> on input line 42.

Underfull \hbox (badness 10000) in paragraph at lines 41--47

 []

! Missing } inserted.
<inserted text> 
                }
l.50 $C_r^n = {\frac{n!}{r!(n-r)!}$
                                   \\
? 

Underfull \hbox (badness 10000) in paragraph at lines 49--52

 []

[1

]
! Missing } inserted.
<inserted text> 
                }
l.55 $P_r^n = {\frac{n!}{(n-r)!}$
                                 \\
? 

Underfull \hbox (badness 10000) in paragraph at lines 54--57

 []

[2] (./stat.aux) ) 
Here is how much of TeX's memory you used:
 236 strings out of 494954
 2545 string characters out of 6181002
 51467 words of memory out of 5000000
 3597 multiletter control sequences out of 15000+600000
 8510 words of font info for 30 fonts, out of 8000000 for 9000
 14 hyphenation exceptions out of 8191
 23i,6n,17p,303b,187s stack positions out of 5000i,500n,10000p,200000b,80000s

Output written on stat.dvi (2 pages, 2744 bytes).
